<?xml version="1.0" encoding="UTF-8"?>
<!-- Generated by org.testng.reporters.JUnitReportReporter -->
<testsuite hostname="DESKTOP-SOHAIB" failures="0" tests="2" name="APITesting.TestonLocalAPI" time="2.430" errors="0" timestamp="2022-11-03T23:08:45 PKT" skipped="0">
  <testcase classname="APITesting.TestonLocalAPI" name="get" time="2.352"/>
  <system-out/>
  <testcase classname="APITesting.TestonLocalAPI" name="patch" time="0.078"/>
  <system-out/>
</testsuite> <!-- APITesting.TestonLocalAPI -->
