<?xml version="1.0" encoding="UTF-8"?>
<!-- Generated by org.testng.reporters.JUnitReportReporter -->
<testsuite hostname="DESKTOP-SOHAIB" failures="0" tests="5" name="APITesting.ReqResAPIs" time="7.626" errors="0" timestamp="2022-10-29T18:04:42 PKT" skipped="0">
  <testcase classname="APITesting.ReqResAPIs" name="sohaibsAPItestDemo4" time="0.751"/>
  <system-out/>
  <testcase classname="APITesting.ReqResAPIs" name="sohaibsAPItestDemo1" time="4.485"/>
  <system-out/>
  <testcase classname="APITesting.ReqResAPIs" name="sohaibsAPItestDemo3" time="0.794"/>
  <system-out/>
  <testcase classname="APITesting.ReqResAPIs" name="sohaibsAPItestDemo2" time="0.805"/>
  <system-out/>
  <testcase classname="APITesting.ReqResAPIs" name="sohaibsAPItestDemo5" time="0.791"/>
  <system-out/>
</testsuite> <!-- APITesting.ReqResAPIs -->
