<?xml version="1.0" encoding="UTF-8"?>
<!-- Generated by org.testng.reporters.JUnitReportReporter -->
<testsuite hostname="DESKTOP-SOHAIB" failures="0" tests="3" name="APITesting.TestOne" time="4.407" errors="0" timestamp="2022-10-29T17:59:18 PKT" skipped="0">
  <testcase classname="APITesting.TestOne" name="sohaibsAPItestDemo5" time="0.828"/>
  <system-out/>
  <testcase classname="APITesting.TestOne" name="sohaibsAPItestDemo4" time="0.822"/>
  <system-out/>
  <testcase classname="APITesting.TestOne" name="sohaibsAPItestDemo3" time="2.757"/>
  <system-out/>
</testsuite> <!-- APITesting.TestOne -->
